--- Copying files at Sun Mar 12 12:40:33 UTC 2023
INSTALLED plugins/trilead-api.jpi : 2.84.v72119de229b_7
INSTALLED plugins/pipeline-groovy-lib.jpi : 629.vb_5627b_ee2104
INSTALLED plugins/ssh-credentials.jpi : 305.v8f4381501156
INSTALLED plugins/github.jpi : 1.37.0
INSTALLED plugins/workflow-job.jpi : 1282.ve6d865025906
INSTALLED plugins/bouncycastle-api.jpi : 2.27
INSTALLED plugins/structs.jpi : 324.va_f5d6774f3a_d
INSTALLED plugins/workflow-multibranch.jpi : 733.v109046189126
INSTALLED plugins/workflow-scm-step.jpi : 400.v6b_89a_1317c9a_
INSTALLED plugins/caffeine-api.jpi : 2.9.3-65.v6a_47d0f4d1fe
INSTALLED plugins/workflow-step-api.jpi : 639.v6eca_cd8c04a_a_
INSTALLED plugins/ionicons-api.jpi : 31.v4757b_6987003
INSTALLED plugins/jackson2-api.jpi : 2.14.2-319.v37853346a_229
INSTALLED plugins/pipeline-model-api.jpi : 2.2118.v31fd5b_9944b_5
INSTALLED plugins/commons-lang3-api.jpi : 3.12.0-36.vd97de6465d5b_
INSTALLED plugins/jakarta-mail-api.jpi : 2.0.1-3
INSTALLED plugins/git-client.jpi : 4.1.0
INSTALLED plugins/branch-api.jpi : 2.1071.v1a_188a_562481
INSTALLED plugins/credentials.jpi : 1214.v1de940103927
INSTALLED plugins/pipeline-stage-step.jpi : 305.ve96d0205c1c6
INSTALLED plugins/mina-sshd-api-core.jpi : 2.9.2-50.va_0e1f42659a_a
INSTALLED plugins/workflow-basic-steps.jpi : 1010.vf7a_b_98e847c1
INSTALLED plugins/plain-credentials.jpi : 143.v1b_df8b_d3b_e48
INSTALLED plugins/credentials-binding.jpi : 523.vd859a_4b_122e6
INSTALLED plugins/cloudbees-folder.jpi : 6.815.v0dd5a_cb_40e0e
INSTALLED plugins/pipeline-stage-tags-metadata.jpi : 2.2118.v31fd5b_9944b_5
INSTALLED plugins/workflow-durable-task-step.jpi : 1234.v019404b_3832a
INSTALLED plugins/github-branch-source.jpi : 1.9
INSTALLED plugins/jaxb.jpi : 2.3.8-1
INSTALLED plugins/scm-api.jpi : 631.v9143df5b_e4a_a
INSTALLED plugins/mina-sshd-api-common.jpi : 2.9.2-50.va_0e1f42659a_a
INSTALLED plugins/snakeyaml-api.jpi : 1.33-95.va_b_a_e3e47b_fa_4
INSTALLED plugins/instance-identity.jpi : 142.v04572ca_5b_265
INSTALLED plugins/token-macro.jpi : 321.vd7cc1f2a_52c8
INSTALLED plugins/display-url-api.jpi : 2.3.7
INSTALLED plugins/github-api.jpi : 1.303-417.ve35d9dd78549
INSTALLED plugins/pipeline-model-definition.jpi : 2.2118.v31fd5b_9944b_5
INSTALLED plugins/git.jpi : 5.0.0
INSTALLED plugins/variant.jpi : 59.vf075fe829ccb
INSTALLED plugins/javax-activation-api.jpi : 1.2.0-6
INSTALLED plugins/script-security.jpi : 1229.v4880b_b_e905a_6
INSTALLED plugins/mailer.jpi : 448.v5b_97805e3767
INSTALLED plugins/pipeline-input-step.jpi : 466.v6d0a_5df34f81
INSTALLED plugins/okhttp-api.jpi : 4.10.0-125.v3593b_a_f8c97b_
INSTALLED plugins/workflow-cps.jpi : 3641.vf58904a_b_b_5d8
INSTALLED plugins/workflow-api.jpi : 1208.v0cc7c6e0da_9e
INSTALLED plugins/workflow-support.jpi : 839.v35e2736cfd5c
INSTALLED plugins/pipeline-model-extensions.jpi : 2.2118.v31fd5b_9944b_5
INSTALLED plugins/jakarta-activation-api.jpi : 2.0.1-3
INSTALLED plugins/durable-task.jpi : 504.vb10d1ae5ba2f
INSTALLED plugins/apache-httpcomponents-client-4-api.jpi : 4.5.14-150.v7a_b_9d17134a_5
--- Copying files at Mon Mar 13 18:16:18 UTC 2023
SKIPPED plugins/github-branch-source.jpi : Installed version (1701.v00cc8184df93) has been manually upgraded from initial version (1.9)
--- Copying files at Tue Mar 14 11:23:27 UTC 2023
SKIPPED plugins/github-branch-source.jpi : Installed version (1701.v00cc8184df93) has been manually upgraded from initial version (1.9)
--- Copying files at Tue Mar 14 11:38:23 UTC 2023
SKIPPED plugins/github-branch-source.jpi : Installed version (1701.v00cc8184df93) has been manually upgraded from initial version (1.9)
--- Copying files at Tue Mar 14 11:40:37 UTC 2023
SKIPPED plugins/github-branch-source.jpi : Installed version (1701.v00cc8184df93) has been manually upgraded from initial version (1.9)
--- Copying files at Tue Mar 14 11:42:41 UTC 2023
SKIPPED plugins/github-branch-source.jpi : Installed version (1701.v00cc8184df93) has been manually upgraded from initial version (1.9)
--- Copying files at Tue Mar 14 11:45:32 UTC 2023
SKIPPED plugins/github-branch-source.jpi : Installed version (1701.v00cc8184df93) has been manually upgraded from initial version (1.9)
UPGRADED plugins/okhttp-api.jpi : Image version (4.10.0-127.vf711b_27a_f7fe) is newer than installed version (4.10.0-125.v3593b_a_f8c97b_)
INSTALLED plugins/okhttp-api.bak
